arborscan_app/android/app/build/outputs/mapping/release/seeds.txt
com.example.arborscan_app.ArMeasureActivity
com.example.arborscan_app.MainActivity
com.example.arborscan_app.MainActivity: MainActivity()
com.example.arborscan_app.ArMeasureActivity: ArMeasureActivity()
...
com.google.android.filament.Texture$InternalFormat: com.google.android.filament.Texture$InternalFormat RGBA_ASTC_5x4
com.google.ar.core.Session$FeatureMapQuality: com.google.ar.core.Session$FeatureMapQuality INSUFFICIENT
com.google.ar.core.Config$LightEstimationMode: com.google.ar.core.Config$LightEstimationMode[] $VALUES
com.google.ar.core.Camera: long nativeSymbolTableHandle
com.google.android.filament.utils.RotationsOrder: com.google.android.filament.utils.RotationsOrder ZXY
com.google.android.filament.ColorGrading$LutFormat: com.google.android.filament.ColorGrading$LutFormat[] $VALUES
com.google.ar.core.Track: long nativeHandle
com.google.android.filament.Material$Parameter$Type: com.google.android.filament.Material$Parameter$Type INT2
com.google.ar.core.InstantPlacementPoint$TrackingMethod: com.google.ar.core.InstantPlacementPoint$TrackingMethod NOT_TRACKING
com.google.android.filament.MaterialInstance$BooleanElement: com.google.android.filament.MaterialInstance$BooleanElement BOOL
com.google.ar.core.ImageMetadata: int CONTROL_AE_STATE
com.google.ar.core.ImageMetadata: int JPEG_START
com.google.android.filament.utils.ModelViewer: boolean ignoreBindTransform
com.google.android.filament.utils.ModelViewer: com.google.android.filament.SwapChain swapChain
io.flutter.plugin.editing.ImeSyncDeferringInsetsCallback: io.flutter.plugin.editing.ImeSyncDeferringInsetsCallback$InsetsListener insetsListener
kotlinx.coroutines.JobSupport$Finishing: java.lang.Object _rootCause$volatile
com.google.android.filament.VertexBuffer$AttributeType: com.google.android.filament.VertexBuffer$AttributeType USHORT2
com.google.android.filament.utils.VectorComponent: com.google.android.filament.utils.VectorComponent Q
com.google.android.filament.Material$Parameter: int SAMPLER_OFFSET
com.google.android.filament.Material$BlendingMode: com.google.android.filament.Material$BlendingMode[] $VALUES
com.google.ar.core.CameraConfig$StereoCameraUsage: com.google.ar.core.CameraConfig$StereoCameraUsage[] $VALUES
com.google.android.filament.utils.HDRLoader$Options: com.google.android.filament.Texture$InternalFormat desiredFormat
com.google.ar.core.y: java.util.Map a
com.google.android.filament.SurfaceOrientation$Builder: int mTangentsStride
androidx.datastore.preferences.PreferencesProto$PreferenceMap: androidx.datastore.preferences.PreferencesProto$PreferenceMap DEFAULT_INSTANCE
com.google.android.filament.Texture$InternalFormat: com.google.android.filament.Texture$InternalFormat ETC2_SRGB8
com.google.ar.core.Anchor$CloudAnchorState: com.google.ar.core.Anchor$CloudAnchorState ERROR_RESOLVING_SDK_VERSION_TOO_OLD
com.google.android.filament.Camera$Projection: com.google.android.filament.Camera$Projection PERSPECTIVE
com.google.ar.core.HitResult: long nativeHandle
com.google.android.gms.maps.model.MapStyleOptions: android.os.Parcelable$Creator CREATOR
com.google.android.filament.Texture$PixelBufferDescriptor: java.lang.Runnable callback
com.google.android.filament.IndirectLight$Builder: com.google.android.filament.IndirectLight$Builder$BuilderFinalizer mFinalizer
com.google.android.filament.Stream$StreamType: com.google.android.filament.Stream$StreamType NATIVE
com.google.android.filament.utils.Quaternion: float x
com.google.ar.core.ImageMetadata: int CONTROL_AWB_REGIONS
com.google.android.filament.SkinningBuffer$Builder: long mNativeBuilder
com.google.android.filament.LightManager: long mNativeObject
com.google.ar.core.aj: android.graphics.SurfaceTexture c
com.google.ar.core.y: com.google.ar.core.u c
com.google.ar.core.ai: int d
com.google.ar.core.ae: com.google.ar.core.ae o
com.google.android.filament.utils.ScalarKt: float HALF_PI
com.google.android.filament.VertexBuffer$AttributeType: com.google.android.filament.VertexBuffer$AttributeType UBYTE2
com.google.android.filament.Texture$InternalFormat: com.google.android.filament.Texture$InternalFormat RGBA_ASTC_4x4
com.google.android.filament.View$DynamicResolutionOptions: float minScale